Files:
ExampleMod.dll
You can find this mod's .dll files under C:\Users\Jessica\Documents\My Games\Terraria\tModLoader\ModSources\ModAssemblies for easy mod collaboration!
ExampleMod.pdb
build.txt
changelog.txt
description.txt
description_workshop.txt
Content/Items/ExampleOnBuyItem.cs
ExampleMod.cs
Content/Items/Weapons/ExampleGun.cs
ExampleMod.ModCalls.cs
ExampleMod.Networking.cs
ExampleMod.sln
icon.png
Content/Items/ExampleOnBuyItem.png
Content/Items/Placeable/Furniture/Unused/ExampleDresser.png
Content/Items/Weapons/ExampleGun.png
Content/Items/Placeable/Furniture/Unused/ExampleLantern.png
Content/Items/ExamplePaperAirplane.cs
Common/ManualMusicRegistrationExample.cs
Content/Items/Weapons/ExampleJavelin.cs
Content/Items/ExamplePaperAirplane.png
Content/ExampleInfoDisplay.cs
Content/ExampleInfoDisplay.png
Content/Items/Weapons/ExampleJavelin.png
Content/Items/ExampleQuestFish.cs
Content/ExampleInfoDisplay_Hover.png
Content/Items/Weapons/ExampleJoustingLance.cs
Content/Items/ExampleQuestFish.png
Content/ExampleModMenu.cs
Content/Items/Weapons/ExampleJoustingLance.png
Content/Items/ExampleResearchPresent.cs
Content/Items/Weapons/ExampleLastPrism.cs
Content/Items/ExampleResearchPresent.png
Content/ExampleRecipes.cs
Content/Items/Weapons/ExampleMagicWeapon.cs
Content/Items/ExampleResourcePickup.cs
Content/Items/Weapons/ExampleMagicWeapon.png
Content/Items/ExampleResourcePickup.png
Content/Items/ExampleSignItem.cs
Content/Items/Weapons/ExampleMinigun.cs
Content/Items/ExampleSignItem.png
Content/Items/Weapons/ExampleMinigun.png
Content/Items/Weapons/ExampleModifiedProjectilesItem.cs
Content/Items/Weapons/ExampleMultiplePrefixCategoryWeapon.cs
Content/Items/Weapons/ExampleMultiplePrefixCategoryWeapon.png
Content/Items/Weapons/ExampleRocketLauncher.cs
Content/Items/Weapons/ExampleRocketLauncher.png
Content/Items/Weapons/ExampleShootingSword.cs
Localization/en-US.hjson
Content/Items/Weapons/ExampleShootingSword.png
Localization/en-US_Mods.ExampleMod.Configs.hjson
Content/Items/Weapons/ExampleShortsword.cs
Content/Items/Weapons/ExampleShortsword.png
Content/Items/Weapons/ExampleShotgun.cs
Content/Items/ExampleSoul.cs
Content/Items/Weapons/ExampleShotgun.png
Content/Items/Weapons/ExampleSpear.cs
Content/Items/ExampleSoul.png
Content/Items/Weapons/ExampleSpear.png
Content/Items/ExampleStackableDurabilityItem.cs
Content/Items/ExampleStackableDurabilityItem.png
Content/Items/ExampleTooltipsItem.cs
Content/Items/Weapons/ExampleSpecificAmmoGun.cs
Content/Items/Weapons/ExampleStaff.cs
Content/Items/Weapons/ExampleStaff.png
Content/Items/ExampleTooltipsItem.png
Localization/ru-RU.hjson
Content/Items/Weapons/ExampleSwingingEnergySword.cs
Content/Items/HoldStyleShowcase.cs
Content/Items/ShimmerShowcase.cs
Localization/ru-RU_Mods.ExampleMod.Configs.hjson
Content/Items/UseStyleShowcase.cs
Localization/TranslationsNeeded.txt
Content/Mounts/ExampleMinecartMount.cs
Content/Items/Weapons/ExampleSwingingEnergySword.png
Content/Mounts/ExampleMinecartMount_Front.png
Content/Items/Weapons/ExampleSword.cs
Content/Items/Weapons/ExampleSword.png
Content/Items/Weapons/ExampleWhip.cs
Content/Mounts/ExampleMount.cs
Content/Items/Weapons/ExampleWhip.png
Content/Items/Weapons/ExampleWhipAdvanced.cs
Content/Items/Weapons/ExampleYoyo.cs
Content/Items/Weapons/ExampleYoyo.png
Localization/zh-Hans.hjson
Content/Items/Weapons/HitModifiersShowcase.cs
Content/NPCs/Gores/ExampleBoneMerchant_Gore_Arm.png
Localization/zh-Hans_Mods.ExampleMod.Configs.hjson
Properties/launchSettings.json
Content/NPCs/Gores/ExampleBoneMerchant_Gore_Head.png
Content/NPCs/Gores/ExampleBoneMerchant_Gore_Leg.png
Content/NPCs/Gores/ExampleBoneMerchant_Gore_Shimmer_Arm.png
Assets/Effects/ExampleEffect.fx
Content/NPCs/Gores/ExampleBoneMerchant_Gore_Shimmer_Head.png
Content/NPCs/Gores/ExampleBoneMerchant_Gore_Shimmer_Leg.png
Content/NPCs/Gores/ExampleCritterNPC_Gore_Head.png
Content/NPCs/Gores/ExampleCritterNPC_Gore_Leg.png
Content/NPCs/Gores/ExamplePerson_Gore_Arm.png
Assets/Effects/ExampleEffect.xnb
Assets/Effects/ExampleEffectDeath.fx
Content/NPCs/Gores/ExamplePerson_Gore_Head.png
Content/NPCs/Gores/ExamplePerson_Gore_Leg.png
Content/NPCs/Gores/ExamplePerson_Gore_Party_Arm.png
Content/NPCs/Gores/ExamplePerson_Gore_Party_Head.png
Content/NPCs/Gores/ExamplePerson_Gore_Party_Leg.png
Content/NPCs/Gores/ExamplePerson_Gore_Shimmer_Arm.png
Assets/Effects/ExampleEffectDeath.xnb
Assets/Music/Credits.txt
Content/NPCs/Gores/ExamplePerson_Gore_Shimmer_Head.png
Content/NPCs/Gores/ExamplePerson_Gore_Shimmer_Leg.png
Content/NPCs/Gores/ExamplePerson_Gore_Shimmer_Party_Arm.png
Content/NPCs/Gores/ExamplePerson_Gore_Shimmer_Party_Head.png
Content/NPCs/Gores/ExamplePerson_Gore_Shimmer_Party_Leg.png
Content/NPCs/Gores/ExampleTravelingMerchant_Gore_Arm.png
Content/NPCs/Gores/ExampleTravelingMerchant_Gore_Hat.png
Content/NPCs/Gores/ExampleTravelingMerchant_Gore_Head.png
Content/NPCs/Gores/ExampleTravelingMerchant_Gore_Leg.png
Content/NPCs/Gores/ExampleTravelingMerchant_Gore_Shimmer_Arm.png
Content/NPCs/Gores/ExampleTravelingMerchant_Gore_Shimmer_Head.png
Content/NPCs/Gores/ExampleTravelingMerchant_Gore_Shimmer_Leg.png
Content/NPCs/MinionBoss/MinionBossBody.cs
Assets/Music/MysteriousMystery.ogg
icon_small.png
Content/Mounts/ExampleMount_Back.png
Assets/Music/Ropocalypse2.ogg
Common/Commands/ExampleCoinsCommand.cs
Common/Commands/ExampleItemCommand.cs
Common/Commands/ExampleSummonCommand.cs
Common/Commands/ExampleTimeCommand.cs
Common/Commands/ShowFullscreenUICommand.cs
Common/Configs/ExampleModConfig.cs
Common/CustomVisualEquipType/AnglerEarring_Earrings.png
Common/CustomVisualEquipType/AutoloadEquip_EarringAttribute.cs
Common/CustomVisualEquipType/EarringsDrawLayer.cs
Common/CustomVisualEquipType/EarringsGlobalItem.cs
Common/CustomVisualEquipType/EarringsLoader.cs
Common/CustomVisualEquipType/EarringsPlayer.cs
Common/CustomVisualEquipType/README.md
Common/CustomVisualEquipType/RubyEarrings.cs
Common/CustomVisualEquipType/RubyEarrings.png
Common/CustomVisualEquipType/RubyEarrings_Earrings.png
Common/CustomVisualEquipType/SapphireEarrings.cs
Common/CustomVisualEquipType/SapphireEarrings.png
Common/CustomVisualEquipType/SapphireEarrings_Earrings.png
Common/EntitySources/ExampleSourceDependentTweaks.cs
Common/GlobalBossBars/ExampleGlobalBossBar.cs
Common/GlobalBuffs/ExampleGlobalBuff.cs
Common/GlobalItems/BossBagLoot.cs
Common/GlobalItems/ExampleResearchSorting.cs
Common/GlobalItems/GelGlobalItem.cs
Common/GlobalItems/ShortswordGlobalItem.cs
Common/GlobalItems/TorchExtractinatorGlobalItem.cs
Common/GlobalItems/WeaponWithGrowingDamage.cs
Common/GlobalNPCs/BuffImmuneGlobalNPC.cs
Common/GlobalNPCs/DamageModificationGlobalNPC.cs
Common/GlobalNPCs/DamageOverTimeGlobalNPC.cs
Common/GlobalNPCs/EmotePickerGlobalNPC.cs
Common/GlobalNPCs/ExampleBestiaryGlobalNPC.cs
Common/GlobalNPCs/ExampleNPCHappiness.cs
Content/Mounts/ExampleMount_Front.png
Common/GlobalNPCs/ExampleNPCLoot.cs
Content/NPCs/ExampleBoneMerchant.cs
Common/GlobalNPCs/ExampleNPCNetSync.cs
Common/GlobalNPCs/ExampleNPCShop.cs
Common/GlobalNPCs/ExampleResourcePickupGlobalNPC.cs
Common/GlobalNPCs/GuideGlobalNPC.cs
Common/GlobalNPCs/ProjectileModificationGlobalNPC.cs
Common/GlobalProjectiles/ExampleProjectileModifications.cs
Common/GlobalProjectiles/ExampleProjectileNetSync.cs
Common/GlobalProjectiles/ProjectileWithGrowingDamage.cs
Common/GlobalPylons/ExampleGlobalPylon.cs
Common/GlobalTiles/ShakeTrees.cs
Common/GlobalTiles/SunflowerChanges.cs
Common/GlobalWalls/ExampleGlobalWall.cs
Common/Players/ExampleAccessorySlot.cs
Common/Players/ExampleArmorSetBonusPlayer.cs
Common/Players/ExampleBlinkingPlayer.cs
Common/Players/ExampleCostumePlayer.cs
Common/Players/ExampleDamageModificationPlayer.cs
Common/Players/ExampleExtraJumpModificationPlayer.cs
Common/Players/ExampleFishingPlayer.cs
Common/Players/ExampleImmunityPlayer.cs
Content/NPCs/ExampleBoneMerchant.png
Common/Players/ExampleInfoDisplayPlayer.cs
Common/Players/ExampleInventoryPlayer.cs
Common/Players/ExampleKeybindPlayer.cs
Common/Players/ExampleLuckPlayer.cs
Common/Players/ExampleRecipeMaterialPlayer.cs
Common/Players/ExampleResourcePlayer.cs
Common/Players/ExampleShiftClickSlotPlayer.cs
Content/NPCs/MinionBoss/MinionBossBody.png
Common/Players/ExampleStatIncreasePlayer.cs
Content/NPCs/MinionBoss/MinionBossBody_Head_Boss.png
Common/Players/ExampleWeaponEnchantmentPlayer.cs
Content/NPCs/MinionBoss/MinionBossBody_Head_Boss_SecondStage.png
Common/Systems/ChestItemWorldGen.cs
Common/Systems/DownedBossSystem.cs
Common/Systems/ExampleBiomeTileCount.cs
Content/NPCs/MinionBoss/MinionBossMinion.cs
Common/Systems/ExampleGameTipsSystem.cs
Common/Systems/ExampleTownPetSystem.cs
Content/NPCs/MinionBoss/MinionBossMinion.png
Common/Systems/ExampleWorldGenHookingSystem.cs
Common/Systems/ExampleWorldHeaderSystem.cs
Common/Systems/KeybindSystem.cs
Content/NPCs/TownPets/ExampleTownPet.cs
Common/Systems/ModIntegrationsSystem.cs
Common/Systems/RubbleWorldGen.cs
Common/Systems/SimpleDataAtParticularLocations.cs
Common/Systems/StatueWorldGen.cs
Common/Systems/TownNPCRespawnSystem.cs
Common/Systems/TravelingMerchantSystem.cs
Content/Biomes/ExampleDroplet.cs
Content/Biomes/ExampleDroplet.png
Content/Biomes/ExampleRain.png
Content/Biomes/ExampleSurfaceBackgroundStyle.cs
Content/Biomes/ExampleSurfaceBiome.cs
Content/Biomes/ExampleSurfaceBiome_Background.png
Content/Biomes/ExampleSurfaceBiome_Icon.png
Content/Biomes/ExampleUndergroundBackgroundStyle.cs
Content/Biomes/ExampleUndergroundBiome.cs
Content/Biomes/ExampleWaterfallStyle.cs
Content/NPCs/TownPets/ExampleTownPet.png
Content/Biomes/ExampleWaterfallStyle.png
Content/Biomes/ExampleWaterStyle.cs
Content/NPCs/ExampleBoneMerchant_Shimmer.png
Content/NPCs/ExampleBoneMerchant_Shimmer_Gun.png
Content/NPCs/ExampleCritter.cs
Content/NPCs/ExampleCritterItem.png
Content/NPCs/ExampleCritterNPC.png
Content/NPCs/ExampleCustomAISlimeNPC.cs
Content/Biomes/ExampleWaterStyle.png
Content/NPCs/ExampleCustomAISlimeNPC.png
icon_workshop.png
Content/Biomes/ExampleWaterStyle_Block.png
Content/NPCs/ExampleDrawBehindNPC.cs
Common/ExampleCameraModifier.cs
Content/Biomes/ExampleWaterStyle_Slope.png
Common/ExampleConditions.cs
Common/ExampleMapLayer.cs
Content/NPCs/ExampleDrawBehindNPC.png
Common/ExamplePlayerDrawLayer.cs
Content/NPCs/ExampleGlobalNPC.cs
Common/ExampleRecipeCallbacks.cs
Content/Buffs/Blocky.cs
Content/Buffs/Blocky.png
Content/Buffs/BuffTemplate.png
Content/Buffs/DebuffTemplate.png
Content/Buffs/ExampleCrateBuff.cs
Content/NPCs/ExamplePerson.cs
Content/Buffs/ExampleCrateBuff.png
Content/Buffs/ExampleDefenseBuff.cs
Content/Buffs/ExampleDefenseBuff.png
Content/Buffs/ExampleDefenseDebuff.cs
Content/Buffs/ExampleDefenseDebuff.png
Content/Buffs/ExampleDodgeBuff.cs
Content/Buffs/ExampleDodgeBuff.png
Content/Buffs/ExampleGravityDebuff.cs
Content/Buffs/ExampleGravityDebuff.png
Content/Buffs/ExampleJavelinDebuff.cs
Content/Buffs/ExampleJavelinDebuff.png
Content/Buffs/ExampleLifeRegenDebuff.cs
Content/Buffs/ExampleLifeRegenDebuff.png
Content/NPCs/TownPets/ExampleTownPet_1.png
Content/NPCs/TownPets/ExampleTownPet_1_Head.png
Content/Buffs/ExampleMinecartBuff.cs
Content/Buffs/ExampleMinecartBuff.png
Content/Buffs/ExampleMountBuff.cs
Content/Buffs/ExampleMountBuff.png
Content/Buffs/ExampleWeaponImbue.cs
Content/Buffs/ExampleWeaponImbue.png
Content/Buffs/ExampleWhipAdvancedDebuff.png
Content/Buffs/ExampleWhipDebuff.cs
Content/Buffs/ExampleWhipDebuff.png
Content/BuilderToggles/ExampleBuilderToggle.cs
Content/BuilderToggles/ExampleBuilderToggle.png
Content/BuilderToggles/FreeBaitBuilderToggle.cs
Content/BuilderToggles/FreeBaitBuilderToggle.png
Content/Clouds/AdvancedExampleCloud.cs
Content/NPCs/ExamplePerson.png
Content/NPCs/ExamplePerson_Head.png
Content/NPCs/TownPets/ExampleTownPet_2.png
Content/NPCs/TownPets/ExampleTownPet_2_Head.png
Content/Clouds/AdvancedExampleCloud.png
Content/Clouds/DefaultCloudsLoader.cs
Content/Clouds/ExampleCloud.png
Content/Currencies/ExampleCustomCurrency.cs
Content/CustomModType/HandsUpVictoryPose.cs
Content/NPCs/ExamplePerson_Party.png
Content/CustomModType/HandsUpVictoryPose.png
Content/CustomModType/HandsUpWithFireworksVictoryPose.cs
Content/NPCs/TownPets/ExampleTownPet_3.png
Content/NPCs/TownPets/ExampleTownPet_3_Head.png
Content/NPCs/ExamplePerson_Shimmer.png
Content/NPCs/ExamplePerson_Shimmer_Head.png
Content/CustomModType/HandsUpWithFireworksVictoryPose.png
Content/CustomModType/ModVictoryPose.cs
Content/CustomModType/NonAutoloadVictoryPose.cs
Content/CustomModType/README.md
Content/CustomModType/VictoryPoseID.cs
Content/CustomModType/VictoryPoseLoader.cs
Content/CustomModType/VictoryPosePlayer.cs
Content/NPCs/TownPets/ExampleTownPet_4.png
Content/DamageClasses/ExampleDamageClass.cs
Content/NPCs/TownPets/ExampleTownPet_4_Head.png
Content/NPCs/ExamplePerson_Shimmer_Party.png
Content/NPCs/ExampleTravelingMerchant.cs
Content/NPCs/TownPets/ExampleTownPet_5.png
Content/NPCs/TownPets/ExampleTownPet_5_Head.png
Content/NPCs/ExampleTravelingMerchant.png
Content/NPCs/ExampleTravelingMerchant_Head.png
Content/NPCs/TownPets/ExampleTownPet_6.png
Content/NPCs/TownPets/ExampleTownPet_6_Head.png
Content/NPCs/TownPets/ExampleTownPet_Head.png
Content/Pets/ExampleLightPet/ExampleLightPetBuff.cs
Content/Pets/ExampleLightPet/ExampleLightPetBuff.png
Content/Pets/ExampleLightPet/ExampleLightPetItem.cs
Content/Pets/ExampleLightPet/ExampleLightPetItem.png
Content/Pets/ExampleLightPet/ExampleLightPetProjectile.cs
Content/Pets/ExampleLightPet/ExampleLightPetProjectile.png
Content/Pets/ExamplePet/ExamplePetBuff.cs
Content/Pets/ExamplePet/ExamplePetBuff.png
Content/Pets/ExamplePet/ExamplePetItem.cs
Content/Pets/ExamplePet/ExamplePetItem.png
Content/NPCs/ExampleTravelingMerchant_Party.png
Content/Pets/ExamplePet/ExamplePetProjectile.cs
Content/Pets/ExamplePet/ExamplePetProjectile.png
Content/Pets/MinionBossPet/MinionBossPetBuff.cs
Content/Pets/MinionBossPet/MinionBossPetBuff.png
Content/Pets/MinionBossPet/MinionBossPetItem.cs
Content/Pets/MinionBossPet/MinionBossPetItem.png
Content/BossBars/BossBarTemplate.png
Content/BossBars/ExampleBossBar.cs
Content/Pets/MinionBossPet/MinionBossPetProjectile.cs
Content/Pets/MinionBossPet/MinionBossPetProjectile.png
Content/Pets/MinionBossPet/MinionBossPetProjectile_Eye.png
Content/Projectiles/Minions/ExampleSimpleMinion.cs
Content/Projectiles/Minions/ExampleSimpleMinion.png
Content/Projectiles/Minions/ExampleSimpleMinionBuff.png
Content/Projectiles/Minions/ExampleSimpleMinionItem.png
Content/Projectiles/Rockets/ExampleGrenadeProjectile.cs
Content/Projectiles/Rockets/ExampleGrenadeProjectile.png
Content/Projectiles/Rockets/ExampleProximityMineProjectile.cs
Content/Projectiles/Rockets/ExampleProximityMineProjectile.png
Content/NPCs/ExampleTravelingMerchant_Shimmer.png
Assets/Textures/Backgrounds/ExampleBiomeSurfaceMid1.png
Content/NPCs/ExampleTravelingMerchant_Shimmer_Head.png
Content/Projectiles/Rockets/ExampleRocketProjectile.cs
Content/NPCs/ExampleWorm.cs
Content/Projectiles/Rockets/ExampleRocketProjectile.png
Content/NPCs/ExampleWormBody.png
Content/NPCs/ExampleWormHead.png
Content/Projectiles/Rockets/ExampleSnowmanRocketProjectile.cs
Content/NPCs/ExampleWormTail.png
Content/Projectiles/Rockets/ExampleSnowmanRocketProjectile.png
Content/Tiles/Banners/EnemyBanner.cs
Content/Tiles/Banners/EnemyBanner.png
Content/NPCs/ExampleWorm_Bestiary.png
Content/Tiles/Furniture/ExampleBed.cs
Content/NPCs/ExampleZombieThief.cs
Content/Tiles/Furniture/ExampleBed.png
Content/NPCs/ExampleZombieThief.png
Content/NPCs/PartyZombie.cs
Content/Tiles/Furniture/ExampleBed_Highlight.png
Content/Tiles/Furniture/ExampleChair.cs
Content/Tiles/Furniture/ExampleChair.png
Content/NPCs/PartyZombie.png
Content/Tiles/Furniture/ExampleChair_Highlight.png
Content/Tiles/Furniture/ExampleChandelier.cs
Content/NPCs/Worm.cs
Content/Prefixes/ExampleDerivedPrefix.cs
Content/Prefixes/ExamplePrefix.cs
Content/Projectiles/ActiveSoundShowcaseProjectile.cs
Content/Projectiles/ActiveSoundShowcaseProjectile.png
Content/Projectiles/ExampleAdvancedAnimatedProjectile.cs
Content/BossBars/ExampleBossBar.png
Content/BossBars/MinionBossBossBar.cs
Content/Dusts/ExampleAdvancedDust.cs
Content/Dusts/ExampleBubble.cs
Content/BossBarStyles/ExampleBossBarStyle.cs
Content/Buffs/AbsorbTeamDamageBuff.cs
Content/Dusts/ExampleBubble.png
Content/Buffs/AbsorbTeamDamageBuff.png
Content/Dusts/ExampleCustomDrawDust.cs
Content/Dusts/ExampleSolutionDust.cs
Content/Dusts/ExampleSolutionDust.png
Content/Buffs/AnimatedBuff.cs
Content/Dusts/Sparkle.cs
Content/Dusts/Sparkle.png
Content/Projectiles/ExampleAdvancedAnimatedProjectile.png
Content/EmoteBubbles/ExampleBiomeEmote.cs
Content/EmoteBubbles/ExampleBiomeEmote.png
Content/EmoteBubbles/ExampleItemEmote.cs
Content/EmoteBubbles/ExampleItemEmote.png
Content/EmoteBubbles/ExamplePickaxeEmote.cs
Content/EmoteBubbles/ExamplePickaxeEmote.png
Content/EmoteBubbles/MinionBossEmote.cs
Content/EmoteBubbles/MinionBossEmote.png
Content/Projectiles/ExampleAdvancedFlailProjectile.cs
Content/Projectiles/ExampleAdvancedFlailProjectile.png
Content/EmoteBubbles/NPCEmotes.cs
Content/Projectiles/ExampleAdvancedFlailProjectileChain.png
Content/Tiles/Furniture/ExampleChandelier.png
Content/Projectiles/ExampleAdvancedFlailProjectileChainExtra.png
Content/Projectiles/ExampleArrowProjectile.cs
Content/Projectiles/ExampleArrowProjectile.png
Content/EmoteBubbles/NPCEmotes.png
Content/Projectiles/ExampleBobber.cs
Content/Hairs/ExampleHair.cs
Content/Projectiles/ExampleBobber.png
Content/Projectiles/ExampleBullet.cs
Content/Projectiles/ExampleBullet.png
Content/Projectiles/ExampleCloneProjectile.cs
Content/Projectiles/ExampleCloneProjectile.png
Content/Projectiles/ExampleCustomSwingProjectile.cs
Content/Projectiles/ExampleDrillProjectile.cs
Content/Projectiles/ExampleDrillProjectile.png
Content/Projectiles/ExampleExplosive.cs
Content/Hairs/ExampleHair.png
Content/Projectiles/ExampleExplosive.png
Content/Projectiles/ExampleFlailProjectile.cs
Content/Projectiles/ExampleFlailProjectile.png
Content/Tiles/Furniture/ExampleChandelier_Flame.png
Content/Projectiles/ExampleGolfBallProjectile.cs
Content/Projectiles/ExampleGolfBallProjectile.png
Content/Projectiles/ExampleGravityDebuffBullet.cs
Content/Projectiles/ExampleGravityDebuffBullet.png
Content/Projectiles/ExampleHomingProjectile.cs
Content/Projectiles/ExampleHomingProjectile.png
Content/Projectiles/ExampleInstancedProjectile.cs
Content/Projectiles/ExampleInstancedProjectile.png
Content/Hairs/ExampleHair_Alt.png
Content/Items/ActiveSoundShowcase.cs
Content/Items/CameraModifierShowcase.cs
Content/Projectiles/ExampleJavelinProjectile.cs
Content/Projectiles/ExampleJavelinProjectile.png
Content/Items/CustomItemDrawingShowcase.cs
Content/Projectiles/ExampleJavelinProjectile_Glow.png
Content/Items/CustomItemDrawingShowcase.png
Content/Items/CustomItemDrawingShowcase_Back.png
Content/Items/CustomItemDrawingShowcase_Front.png
Content/Projectiles/ExampleJoustingLanceProjectile.cs
Content/Items/CustomItemSets.cs
Content/Items/ExampleDataItem.cs
Content/Items/ExampleDye.cs
Content/Projectiles/ExampleJoustingLanceProjectile.png
Content/Items/ExampleDye.png
Content/Items/ExampleGolfBall.cs
Content/Items/ExampleGolfBall.png
Content/Tiles/Furniture/ExampleChandelier_Glow.png
Content/Items/ExampleHairDye.cs
Content/Items/ExampleHairDye.png
Content/Items/ExampleInstancedItem.cs
Content/Tiles/Furniture/ExampleChest.cs
Content/Projectiles/ExampleLastPrismBeam.cs
Content/Items/ExampleItem.cs
Content/Items/ExampleItem.png
Content/Projectiles/ExampleLastPrismBeam.png
Content/Projectiles/ExampleSpearProjectile.png
Content/Tiles/Furniture/ExampleChest.png
Content/Projectiles/ExampleLastPrismHoldout.cs
Content/Tiles/Furniture/ExampleChest_Highlight.png
Content/Projectiles/ExampleSwingingEnergySwordProjectile.cs
Content/Projectiles/ExamplePaperAirplaneProjectile.cs
Content/Projectiles/ExamplePaperAirplaneProjectile.png
Content/Tiles/Furniture/ExampleClock.cs
Content/Projectiles/ExamplePiercingProjectile.cs
Content/Projectiles/ExamplePiercingProjectile.png
Content/Tiles/Furniture/ExampleClock.png
Content/Projectiles/ExampleSandBallProjectile.cs
Content/Projectiles/ExampleSandBallProjectile.png
Content/Tiles/Furniture/ExampleDoorClosed.cs
Content/Projectiles/ExampleShortswordProjectile.cs
Content/Tiles/Furniture/ExampleDoorClosed.png
Content/Projectiles/ExampleShortswordProjectile.png
Content/Projectiles/ExampleSpearProjectile.cs
Content/Tiles/Furniture/ExampleDoorClosed_Highlight.png
Content/TileEntities/BasicTileEntityItem.png
Content/Tiles/Furniture/ExampleDoorOpen.cs
Content/TileEntities/BasicTileEntityTile.png
Content/Tiles/Furniture/ExampleDoorOpen.png
Content/TileEntities/SimplePylonTileEntity.cs
Content/Tiles/Furniture/ExampleDoorOpen_Highlight.png
Content/Tiles/Furniture/ExampleDresser.cs
Content/Tiles/Furniture/ExampleDresser.png
Content/Tiles/Furniture/ExampleDresser_Highlight.png
Content/Tiles/Furniture/ExamplePlatform.cs
Content/Tiles/Furniture/ExamplePlatform.png
Content/Tiles/Furniture/ExampleTable.cs
Content/Tiles/Furniture/ExampleTable.png
Content/Tiles/Furniture/ExampleToilet.cs
Content/Tiles/Furniture/ExampleToilet.png
Content/Tiles/Furniture/ExampleToilet_Highlight.png
Content/Tiles/Furniture/ExampleWideBannerTile.cs
Content/Projectiles/ExampleSwingingEnergySwordProjectile.png
Content/Tiles/Furniture/ExampleWideBannerTile.png
Content/Tiles/Furniture/ExampleWorkbench.cs
Content/Projectiles/ExampleWhipProjectile.cs
Content/Tiles/Furniture/ExampleWorkbench.png
Content/Projectiles/ExampleWhipProjectile.png
Content/Tiles/Furniture/MinionBossRelic.cs
Content/Projectiles/ExampleWhipProjectileAdvanced.cs
Content/Tiles/Furniture/MinionBossRelic.png
Content/Tiles/Furniture/MinionBossTrophy.cs
Content/Projectiles/ExampleYoyoProjectile.cs
Content/Projectiles/ExampleYoyoProjectile.png
Content/Projectiles/MinionBossEye.cs
Content/Tiles/Furniture/MinionBossTrophy.png
Content/Projectiles/MinionBossEye.png
Content/Projectiles/SparklingBall.cs
Content/Projectiles/SparklingBall.png
Content/Rarities/ExampleHigherTierModRarity.cs
Content/Rarities/ExampleModRarity.cs
Content/TileEntities/AdvancedPylonTileEntity.cs
Content/Tiles/Furniture/RelicPedestal.png
Content/Tiles/Plants/ExampleCactus.cs
Content/TileEntities/BasicTileEntity.cs
Content/Tiles/Plants/ExampleCactus.png
Content/Tiles/Plants/ExampleCactus_Fruit.png
Content/Tiles/ExampleAnimatedGlowmaskTile_Glow.png
Content/Tiles/CorruptFossilTile.png
Content/Tiles/ExampleAnimatedTile.cs
Content/Tiles/CorruptFossilTileItem.png
Content/Tiles/ExampleAnimatedTile.png
Content/Tiles/ExampleAnimatedTileItem.png
Content/Tiles/ExampleAnimatedTile_Flame.png
Content/Tiles/ExampleBar.cs
Content/Tiles/ExampleBar.png
Content/Tiles/ExampleBlock.cs
Content/Tiles/Plants/ExamplePalmOasisTree_Tops.png
Content/Tiles/Plants/ExamplePalmTree.cs
Content/Tiles/Plants/ExamplePalmTree.png
Content/Tiles/Plants/ExamplePalmTree_Tops.png
Content/Tiles/Plants/ExampleSapling.cs
Content/Tiles/Plants/ExampleSapling.png
Content/Tiles/Plants/ExampleTree.cs
Content/Tiles/ExampleBlock.png
Content/Tiles/ExampleCampfire.cs
Content/Tiles/CrimsonFossilTile.png
Content/Tiles/CrimsonFossilTileItem.png
Content/Tiles/Example1x1Rubble.cs
Content/Tiles/Example1x1Rubble.png
Content/Tiles/Example2x1Rubble.cs
Content/Tiles/Example2x1Rubble.png
Content/Tiles/ExampleCampfire.png
Content/Tiles/Example3x2Rubble.cs
Content/Tiles/Example3x2Rubble.png
Content/Tiles/ExampleCampfire_Flame.png
Content/Tiles/ExampleAnimatedGlowmaskTile.cs
Content/Buffs/AnimatedBuff.png
Content/Tiles/Plants/ExampleTree.png
Content/Tiles/Plants/ExampleTreeLeaf.cs
Content/Tiles/ExampleCampfire_Highlight.png
Content/Buffs/AnimatedBuff_Animation.png
Content/Tiles/ExampleCustomFramingTile.cs
Content/Tiles/ExampleCritterCage.cs
Content/Tiles/Plants/ExampleTree_Branches.png
Content/Tiles/ExampleAnimatedGlowmaskTile.png
Content/Tiles/ExampleAnimatedGlowmaskTileItem.png
Content/Tiles/Plants/ExampleTree_Leaf.png
Content/Tiles/Plants/ExampleTree_Tops.png
Assets/Sounds/Items/Guns/ExampleGun.ogg
Content/Items/Armor/Vanity/ExampleRobe.cs
Content/Items/Armor/Vanity/ExampleRobe.png
Content/Tiles/ExampleOre.png
Content/Tiles/ExampleCritterCage.png
Content/Tiles/ExamplePylonTile.cs
Content/Tiles/ExampleCritterCageItem.png
Content/Tiles/ExamplePylonTile.png
Content/Tiles/ExampleStatue.cs
Content/Tiles/ExampleStatue.png
Content/Tiles/ExamplePylonTileAdvanced.cs
Content/Tiles/ExamplePylonTileAdvanced.png
Content/Tiles/ExampleTorch.cs
Content/Tiles/ExampleTorch.png
Content/Tiles/ExamplePylonTile_Crystal.png
Content/Tiles/ExampleTorch_Flame.png
Content/Tiles/ExampleTrap.cs
Content/Tiles/ExampleTrap.png
Content/Tiles/ExamplePylonTile_CrystalHighlight.png
Content/Tiles/ExampleVanillaConversionTiles.cs
Content/Tiles/ExamplePylonTile_MapIcon.png
Content/Tiles/ExampleSand.cs
Content/Tiles/ExampleSand.png
Content/Tiles/ExampleSign.cs
Content/Tiles/HallowedFossilTile.png
Content/Tiles/HallowedFossilTileItem.png
Content/Tiles/ExampleSign.png
Content/Tiles/ExampleSink.cs
Content/Tiles/ExampleSink.png
Content/Tiles/ExampleSlopeTile.cs
Content/Tiles/ExampleSlopeTile.png
Content/Tiles/ExampleCustomFramingTile.png
Content/Tiles/ExampleCustomFramingTileItem.png
Content/Tiles/ExampleFishingCrate.cs
Content/Tiles/ExampleFishingCrate.png
Content/Tiles/ExampleHerb.cs
Content/Tiles/ExampleHerb.png
Content/Tiles/ExampleLamp.cs
Content/Tiles/ExampleLamp.png
Content/Tiles/TerrainTileMergeDirtTemplate.png
Content/Tiles/ExampleLamp_Flame.png
Content/Tiles/ExampleLivingFireTile.cs
Content/Walls/CorruptFossilWall.png
Content/Tiles/TerrainTileTemplate.png
Content/Walls/CorruptFossilWallItem.png
Content/Tiles/TileObjectDataShowcase.cs
Assets/Textures/Backgrounds/ExampleBiomeSurfaceMid2.png
Content/Tiles/ExampleLivingFireTile.png
Content/Tiles/ExampleMusicBoxTile.cs
Content/Walls/CrimsonFossilWall.png
Content/Walls/CrimsonFossilWallItem.png
Content/Tiles/ExampleMusicBoxTile.png
Content/Walls/ExampleVanillaConversionWalls.cs
Content/Walls/ExampleWall.cs
Content/Tiles/ExampleMusicBoxTile_Highlight.png
Content/Tiles/ExampleOre.cs
Content/Walls/ExampleWall.png
Content/Walls/ExampleWallAdvanced.cs
Content/Items/Armor/Vanity/ExampleRobe_Body.png
Content/Items/Armor/Vanity/ExampleRobe_Legs.png
Content/Items/Armor/Vanity/MinionBossMask.cs
Content/Items/Armor/Vanity/MinionBossMask.png
Content/Items/Armor/Vanity/MinionBossMask_Head.png
Content/Items/Placeable/Banners/ExampleCustomAISlimeNPCBanner.cs
Content/Items/Placeable/Banners/ExampleCustomAISlimeNPCBanner.png
Content/Items/Placeable/Banners/ExampleWormHeadBanner.cs
Content/Items/Placeable/Banners/ExampleWormHeadBanner.png
Content/Items/Placeable/Furniture/ExampleBed.cs
Content/Items/Placeable/Furniture/ExampleBed.png
Content/Items/Placeable/Furniture/ExampleChair.cs
Content/Items/Placeable/Furniture/ExampleChair.png
Content/Items/Placeable/Furniture/ExampleChandelier.cs
Content/Items/Placeable/Furniture/ExampleChandelier.png
Content/Items/Placeable/Furniture/ExampleChest.cs
Content/Items/Placeable/Furniture/ExampleChest.png
Content/Tiles/TileObjectDataShowcase.png
Content/Items/Placeable/Furniture/ExampleChestKey.png
Content/Items/Placeable/Furniture/ExampleClock.cs
Content/Items/Placeable/Furniture/ExampleClock.png
Content/Items/Placeable/Furniture/ExampleDoor.cs
Content/Items/Placeable/Furniture/ExampleDoor.png
Content/Items/Placeable/Furniture/ExampleDresser.cs
Content/Tiles/TileObjectDataShowcaseItemA.png
Content/Tiles/TileObjectDataShowcaseItemB.png
Assets/Textures/Backgrounds/ExampleBiomeUnderground0.png
Assets/Textures/Backgrounds/ExampleBiomeUnderground1.png
Assets/Textures/Backgrounds/ExampleBiomeUnderground2.png
Content/Walls/ExampleWallAdvanced.png
Content/Walls/ExampleWallUnsafe.cs
Assets/Textures/Backgrounds/ExampleBiomeUnderground3.png
Assets/Textures/Bestiary/MinionBoss_Preview.png
Content/Walls/ExampleWallUnsafe.png
Assets/Textures/Menu/ExampleSun.png
Assets/Textures/Menu/ExampliumMoon.png
Common/Configs/CustomDataTypes/ClassUsedAsKey.cs
Common/Configs/CustomDataTypes/ComplexData.cs
Common/Configs/CustomDataTypes/Gradient.cs
Common/Configs/CustomDataTypes/Pair.cs
Common/Configs/CustomDataTypes/SampleEnum.cs
Common/Configs/CustomDataTypes/SimpleData.cs
Common/Configs/CustomUI/CornerElement.cs
Common/Configs/CustomUI/CustomFloatElement.cs
Common/Configs/CustomUI/GradientElement.cs
Common/Configs/ModConfigShowcases/ModConfigShowcaseAcceptClientChanges.cs
Common/Configs/ModConfigShowcases/ModConfigShowcaseAccessibility.cs
Common/Configs/ModConfigShowcases/ModConfigShowcaseDataTypes.cs
Common/Configs/ModConfigShowcases/ModConfigShowcaseDefaultValues.cs
Common/Configs/ModConfigShowcases/ModConfigShowcaseLabels.cs
Common/Configs/ModConfigShowcases/ModConfigShowcaseMisc.cs
Common/Configs/ModConfigShowcases/ModConfigShowcaseRanges.cs
Common/Configs/ModConfigShowcases/ModConfigShowcaseSubpages.cs
Common/ItemDropRules/DropConditions/ExampleDropCondition.cs
Common/ItemDropRules/DropConditions/ExampleJourneyModeDropCondition.cs
Common/ItemDropRules/DropConditions/ExampleSoulCondition.cs
Common/UI/ExampleCoinsUI/ExampleCoinsUI.cs
Common/UI/ExampleCoinsUI/ExampleCoinsUISystem.cs
Common/UI/ExampleCoinsUI/ExampleDraggableUIPanel.cs
Common/UI/ExampleCoinsUI/ExampleUIHoverImageButton.cs
Common/UI/ExampleDisplaySets/ExampleReversedBarsDisplay.cs
Common/UI/ExampleDisplaySets/HP_Panel_Right.png
Common/UI/ExampleDisplaySets/MP_Panel_Right.png
Common/UI/ExampleFullscreenUI/ExampleFullscreenUI.cs
Common/UI/ExampleInGameNotification/ExampleInGameNotificationPlayer.cs
Common/UI/ExampleInGameNotification/ExampleJoinWorldInGameNotification.cs
Common/UI/ExampleResourceUI/ExampleResourceBar.cs
Common/UI/ExampleResourceUI/ExampleResourceFrame.png
Common/UI/ResourceOverlay/BarsLifeOverlay_Fill.png
Common/UI/ResourceOverlay/BarsLifeOverlay_Panel.png
Common/UI/ResourceOverlay/BarsManaOverlay_Fill.png
Common/UI/ResourceOverlay/BarsManaOverlay_Panel.png
Common/UI/ResourceOverlay/ClassicLifeOverlay.png
Common/UI/ResourceOverlay/ClassicManaOverlay.png
Common/UI/ResourceOverlay/FancyLifeOverlay_Panel.png
Common/UI/ResourceOverlay/FancyManaOverlay_Panel.png
Common/UI/ResourceOverlay/VanillaLifeOverlay.cs
Common/UI/ResourceOverlay/VanillaManaOverlay.cs
Content/Items/Accessories/AbsorbTeamDamageAccessory.cs
Content/Items/Accessories/AbsorbTeamDamageAccessory.png
Content/Walls/HallowedFossilWall.png
Content/Walls/HallowedFossilWallItem.png
Content/Items/Placeable/Furniture/ExampleDresser.png
Assets/Sounds/Items/BananaImpact.wav
Content/Items/Accessories/AbsorbTeamDamageAccessory_Shield.png
Content/Items/Accessories/ExampleBeard.cs
Content/Items/Accessories/ExampleBeard.png
Content/Items/Placeable/Furniture/ExamplePlatform.cs
Content/Items/Placeable/Furniture/ExamplePlatform.png
Content/Items/Placeable/Furniture/ExampleSink.cs
Content/Items/Placeable/Furniture/ExampleSink.png
Content/Items/Placeable/Furniture/ExampleTable.cs
Content/Items/Placeable/Furniture/ExampleTable.png
Content/Items/Placeable/Furniture/ExampleToilet.cs
Content/Items/Placeable/Furniture/ExampleToilet.png
Content/Items/Placeable/Furniture/ExampleWideBanner.cs
Content/Items/Placeable/Furniture/ExampleWideBanner.png
Content/Items/Placeable/Furniture/ExampleWorkbench.cs
Content/Items/Placeable/Furniture/ExampleWorkbench.png
Content/Items/Placeable/Furniture/MinionBossRelic.cs
Content/Items/Placeable/Furniture/MinionBossRelic.png
Content/Items/Placeable/Furniture/MinionBossTrophy.cs
Content/Items/Placeable/Furniture/MinionBossTrophy.png
Content/NPCs/MinionBoss/Gores/MinionBossBody_Back.png
Content/NPCs/MinionBoss/Gores/MinionBossBody_Front.png
Content/Items/Accessories/ExampleBeard_Beard.png
Content/Items/Accessories/ExampleBoots.cs
Content/Tiles/Furniture/Unused/ExampleBathtub.png
Content/Items/Accessories/ExampleBoots.png
Content/Tiles/Furniture/Unused/ExampleCandle.png
Content/Tiles/Furniture/Unused/ExampleDresser.png
Content/Tiles/Furniture/Unused/ExampleLantern.png
Content/Items/Placeable/Furniture/Unused/ExampleBathtub.png
Content/Items/Placeable/Furniture/Unused/ExampleCandle.png
Content/Items/Accessories/ExampleMultiExtraJumpAccessory.cs
Content/Items/Accessories/ExampleMultiExtraJumpAccessory.png
Content/Items/Accessories/ExampleResourceAccessory.cs
Content/Items/Accessories/ExampleResourceAccessory.png
Content/Items/Accessories/ExampleShield.cs
Content/Items/Accessories/ExampleShield.png
Content/Items/Accessories/ExampleBoots_Shoes.png
Content/Items/Accessories/ExampleExtraJumpAccessory.cs
Content/Items/Accessories/ExampleExtraJumpAccessory.png
Content/Items/Accessories/ExampleImmunityAccessory.cs
Content/Items/Accessories/ExampleImmunityAccessory.png
Content/Items/Accessories/ExampleInfoAccessory.cs
Content/Items/Accessories/ExampleInfoAccessory.png
Content/Items/Ammo/ExampleArrow.png
Content/Items/Ammo/ExampleBullet.cs
Content/Items/Ammo/ExampleBullet.png
Content/Items/Ammo/ExampleCustomAmmo.cs
Content/Items/Ammo/ExampleCustomAmmo.png
Content/Items/Ammo/ExampleGravityDebuffBullet.cs
Content/Items/Ammo/ExampleGravityDebuffBullet.png
Content/Items/Accessories/ExampleShield_Shield.png
Content/Items/Ammo/ExampleHellSolution.cs
Content/Items/Ammo/ExampleHellSolution.png
Content/Items/Accessories/ExampleStatBonusAccessory.cs
Content/Items/Ammo/ExampleHellSolutionProjectile.png
Content/Items/Accessories/ExampleStatBonusAccessory.png
Content/Items/Ammo/ExampleRocket.cs
Content/Items/Accessories/ExampleWings.cs
Content/Items/Ammo/ExampleRocket.png
Content/Items/Accessories/ExampleWings.png
Content/Items/Ammo/ExampleSolution.cs
Content/Items/Ammo/ExampleSolution.png
Content/Items/Ammo/ExampleSolutionProjectile.png
Content/Items/Armor/ExampleBreastplate.cs
Content/Items/Armor/ExampleBreastplate.png
Content/Items/Accessories/ExampleWings_Wings.png
Content/Items/Accessories/WaspNest.cs
Content/Items/Accessories/WaspNest.png
Content/Items/Accessories/WaspNest_Back.png
Content/Items/Ammo/ExampleArrow.cs
Content/Items/Armor/ExampleLeggings.cs
Content/Items/Armor/ExampleLeggings.png
Content/Items/Armor/ExampleLeggings_Legs.png
Content/Items/Armor/ExampleTallHelmet.cs
Content/Items/Armor/ExampleTallHelmet.png
Content/Items/Armor/ExampleTallHelmet_Head.png
Content/Items/Armor/SimpleAccessory_Balloon.png
Content/Items/Consumables/ExampleBuffPotion.cs
Content/Items/Consumables/ExampleBuffPotion.png
Content/Items/Consumables/ExampleCanStackItem.cs
Content/Items/Consumables/ExampleCanStackItem.png
Content/Items/Consumables/ExampleCratePotion.cs
Content/Items/Consumables/ExampleCratePotion.png
Content/Items/Consumables/ExampleFishingCrate.cs
Content/Items/Consumables/ExampleFishingCrate.png
Content/Items/Consumables/ExampleFlask.cs
Content/Items/Consumables/ExampleFlask.png
Content/Items/Consumables/ExampleFoodItem.cs
Content/Items/Consumables/ExampleFoodItem.png
Content/Items/Consumables/ExampleHealingPotion.cs
Content/Items/Consumables/ExampleHealingPotion.png
Content/Items/Consumables/ExampleLifeFruit.cs
Content/Items/Consumables/ExampleLifeFruit.png
Content/Items/Consumables/ExampleManaCrystal.cs
Content/Items/Consumables/ExampleManaCrystal.png
Content/Items/Consumables/ExampleMultiUseItem.cs
Content/Items/Consumables/ExampleMultiUseItem.png
Content/Items/Consumables/ExampleTownPetLicense.cs
Content/Items/Consumables/ExampleTownPetLicense.png
Content/Items/Consumables/MinionBossBag.cs
Content/Items/Consumables/MinionBossBag.png
Content/Items/Consumables/MinionBossSummonItem.cs
Content/Items/Consumables/MinionBossSummonItem.png
Content/Items/Consumables/PlanteraItem.cs
Content/Items/Consumables/PlanteraItem.png
Content/Items/Mounts/ExampleMinecart.cs
Content/Items/Mounts/ExampleMinecart.png
Content/Items/Mounts/ExampleMountItem.cs
Content/Items/Mounts/ExampleMountItem.png
Content/Items/Placeable/ExampleBar.cs
Content/Items/Placeable/ExampleBar.png
Content/Items/Placeable/ExampleBlock.cs
Content/Items/Placeable/ExampleBlock.png
Content/Items/Placeable/ExampleCampfire.cs
Content/Items/Placeable/ExampleCampfire.png
Content/Items/Placeable/ExampleHerbSeeds.cs
Content/Items/Placeable/ExampleHerbSeeds.png
Content/Items/Placeable/ExampleLamp.cs
Content/Items/Placeable/ExampleLamp.png
Content/Items/Placeable/ExampleLivingFire.cs
Content/Items/Placeable/ExampleLivingFire.png
Content/Items/Placeable/ExampleMusicBox.cs
Content/Items/Placeable/ExampleMusicBox.png
Content/Items/Placeable/ExampleOre.cs
Content/Items/Placeable/ExampleOre.png
Content/Items/Placeable/ExamplePylonItem.cs
Content/Items/Placeable/ExamplePylonItem.png
Content/Items/Placeable/ExamplePylonItemAdvanced.cs
Content/Items/Placeable/ExamplePylonItemAdvanced.png
Content/Items/Placeable/ExampleSandBlock.cs
Content/Items/Placeable/ExampleSandBlock.png
Content/Items/Placeable/ExampleSlopedTile.cs
Content/Items/Placeable/ExampleSlopedTile.png
Content/Items/Placeable/ExampleStatue.cs
Content/Items/Placeable/ExampleStatue.png
Content/Items/Placeable/ExampleTorch.cs
Content/Items/Placeable/ExampleTorch.png
Content/Items/Placeable/ExampleTorch_Flame.png
Content/Items/Placeable/ExampleTrap.cs
Content/Items/Placeable/ExampleTrapChlorophyteBullet.png
Content/Items/Placeable/ExampleTrapIchorBullet.png
Content/Items/Placeable/ExampleWall.cs
Content/Items/Placeable/ExampleWall.png
Content/Items/Placeable/ExampleWallAdvanced.cs
Content/Items/Placeable/ExampleWallAdvanced.png
Content/Items/Placeable/ExampleWaterTorch.cs
Content/Items/Placeable/ExampleWaterTorch.png
Content/Items/Placeable/ExampleWaterTorch_Flame.png
Content/Items/Tools/ExampleBugNet.cs
Content/Items/Tools/ExampleDrill.cs
Content/Items/Tools/ExampleDrill.png
Content/Items/Tools/ExampleFishingRod.cs
Content/Items/Tools/ExampleFishingRod.png
Content/Items/Tools/ExampleHamaxe.cs
Content/Items/Tools/ExampleHamaxe.png
Content/Items/Tools/ExampleHook.cs
Content/Items/Tools/ExampleHookChain.png
Content/Items/Tools/ExampleHookItem.png
Content/Items/Tools/ExampleHookProjectile.png
Content/Items/Tools/ExampleMagicMirror.cs
Content/Items/Tools/ExamplePickaxe.cs
Content/Items/Tools/ExamplePickaxe.png
Content/Items/Tools/ExampleSandRod.cs
Content/Items/Tools/ExampleSandRod.png
Content/Items/Weapons/ExampleAdvancedFlail.cs
Content/Items/Weapons/ExampleAdvancedFlail.png
Content/Items/Weapons/ExampleCloneWeapon.cs
Content/Items/Weapons/ExampleCloneWeapon.png
Content/Items/Weapons/ExampleCustomAmmoGun.cs
Content/Items/Weapons/ExampleCustomAmmoGun.png
Content/Items/Weapons/ExampleCustomDamageWeapon.cs
Content/Items/Weapons/ExampleCustomResourceWeapon.cs
Content/Items/Weapons/ExampleCustomResourceWeapon.png
Content/Items/Weapons/ExampleCustomSwingSword.cs
Content/Items/Weapons/ExampleCustomSwingSword.png
Content/Items/Weapons/ExampleExplosive.cs
Content/Items/Weapons/ExampleExplosive.png
Content/Items/Weapons/ExampleFlail.cs
Content/Items/Weapons/ExampleFlail.png
Content/Items/Armor/ExampleBreastplate_Body.png
Content/Items/Armor/ExampleCostume.cs
Content/Items/Armor/ExampleCostume.png
Assets/Textures/Backgrounds/ExampleBiomeSurfaceMid0.png
Assets/Textures/Backgrounds/ExampleBiomeSurfaceMid3.png
Content/Items/Armor/ExampleCostumeAlt_Body.png
Content/Items/Armor/ExampleCostumeAlt_Head.png
Content/Items/Armor/ExampleCostumeAlt_Legs.png
Content/Items/Armor/ExampleCostume_Body.png
Content/Items/Armor/ExampleCostume_Head.png
Assets/Textures/Backgrounds/ExampleBiomeSurfaceClose.png
Content/Items/Armor/ExampleCostume_Legs.png
Content/Items/Armor/ExampleHelmet.cs
Content/Items/Armor/ExampleHelmet.png
Content/Items/Armor/ExampleHelmet_Head.png
Content/Items/Armor/ExampleHood.cs
Content/Items/Armor/ExampleHood.png
Content/Items/Armor/ExampleHood_Head.png
Assets/Textures/Backgrounds/ExampleBiomeSurfaceFar.png
